2022-11-26 00:07:05,901 INFO  __main__        - Log file is ../tb_logs/logs/VisionTransformer_10//log.log
2022-11-26 00:07:05,901 INFO  __main__        - Device: cuda:0
2022-11-26 00:07:05,901 INFO  __main__        - Fold: 0, Model: VisionTransformer
2022-11-26 00:15:45,385 INFO  __main__        - Epoch: 0/10,
 AVG Training Loss:0.9865081774535576 	 Validation Loss0.832789458376277
AVG Training Acc: 66.60945545326884 % 	 Validation Acc 69.74422956955708
2022-11-26 00:15:45,400 INFO  __main__        - New High Acc: <<<<<< 68.64702945581628 >>>>>>>>
2022-11-26 00:23:59,908 INFO  __main__        - Epoch: 1/10,
 AVG Training Loss:0.9075284927065054 	 Validation Loss0.8145127979502853
AVG Training Acc: 66.7186768606647 % 	 Validation Acc 67.6232064878353
2022-11-26 00:32:25,751 INFO  __main__        - Epoch: 2/10,
 AVG Training Loss:0.8646899752794329 	 Validation Loss0.7534519760815411
AVG Training Acc: 67.85770010922141 % 	 Validation Acc 70.99189020586401
2022-11-26 00:32:25,767 INFO  __main__        - New High Acc: <<<<<< 69.74538192710934 >>>>>>>>
2022-11-26 00:40:58,414 INFO  __main__        - Epoch: 3/10,
 AVG Training Loss:0.8079681062981089 	 Validation Loss0.7331716649917536
AVG Training Acc: 69.10594476517397 % 	 Validation Acc 70.86712414223332
2022-11-26 00:40:58,429 INFO  __main__        - New High Acc: <<<<<< 70.54418372441337 >>>>>>>>
2022-11-26 00:49:16,701 INFO  __main__        - Epoch: 4/10,
 AVG Training Loss:0.7829289355382549 	 Validation Loss0.7546055537421333
AVG Training Acc: 70.19815883913247 % 	 Validation Acc 72.42669993761697
2022-11-26 00:57:58,997 INFO  __main__        - Epoch: 5/10,
 AVG Training Loss:0.7609523743516589 	 Validation Loss0.7093244344460837
AVG Training Acc: 70.44780777032298 % 	 Validation Acc 72.67623206487835
2022-11-26 00:57:58,997 INFO  __main__        - New High Acc: <<<<<< 71.54268597104343 >>>>>>>>
2022-11-26 01:06:58,007 INFO  __main__        - Epoch: 6/10,
 AVG Training Loss:0.7365559271811704 	 Validation Loss0.6699598805650055
AVG Training Acc: 71.88328912466844 % 	 Validation Acc 74.3605739238927
2022-11-26 01:06:58,023 INFO  __main__        - New High Acc: <<<<<< 73.58961557663505 >>>>>>>>
2022-11-26 01:15:48,624 INFO  __main__        - Epoch: 7/10,
 AVG Training Loss:0.7200099177999176 	 Validation Loss0.7439675718378589
AVG Training Acc: 72.35138087065064 % 	 Validation Acc 72.8633811603244
2022-11-26 01:24:58,508 INFO  __main__        - Epoch: 8/10,
 AVG Training Loss:0.697693573407751 	 Validation Loss0.6538479627480153
AVG Training Acc: 73.05351848962397 % 	 Validation Acc 75.1715533374922
2022-11-26 01:24:58,508 INFO  __main__        - New High Acc: <<<<<< 74.98751872191713 >>>>>>>>
2022-11-26 01:33:39,135 INFO  __main__        - Epoch: 9/10,
 AVG Training Loss:0.6886805840196288 	 Validation Loss0.6836798011847607
AVG Training Acc: 73.27196130441567 % 	 Validation Acc 73.36244541484717
2022-11-26 01:34:27,175 INFO  __main__        - Fold: 1, Model: VisionTransformer
2022-11-26 01:43:08,744 INFO  __main__        - Epoch: 0/10,
 AVG Training Loss:0.6779900964487267 	 Validation Loss0.702141773455305
AVG Training Acc: 74.0053050397878 % 	 Validation Acc 72.8633811603244
2022-11-26 01:51:45,568 INFO  __main__        - Epoch: 1/10,
 AVG Training Loss:0.646892587587593 	 Validation Loss0.681604121991213
AVG Training Acc: 75.44078639413326 % 	 Validation Acc 73.98627573300062
2022-11-26 02:00:21,977 INFO  __main__        - Epoch: 2/10,
 AVG Training Loss:0.6394382394230632 	 Validation Loss0.6913420200273535
AVG Training Acc: 75.73724449992199 % 	 Validation Acc 73.30006238303181
2022-11-26 02:09:21,431 INFO  __main__        - Epoch: 3/10,
 AVG Training Loss:0.6269268145632736 	 Validation Loss0.6921330961136319
AVG Training Acc: 76.09611483850834 % 	 Validation Acc 74.17342482844667
2022-11-26 02:17:52,383 INFO  __main__        - Epoch: 4/10,
 AVG Training Loss:0.6139379238474325 	 Validation Loss0.689632254331393
AVG Training Acc: 76.50179435169294 % 	 Validation Acc 73.67436057392389
2022-11-26 02:26:48,065 INFO  __main__        - Epoch: 5/10,
 AVG Training Loss:0.5976282484047051 	 Validation Loss0.6874838437575961
AVG Training Acc: 77.06350444687159 % 	 Validation Acc 73.4248284466625
2022-11-26 02:35:31,066 INFO  __main__        - Epoch: 6/10,
 AVG Training Loss:0.5828305299883979 	 Validation Loss0.6481166810671092
AVG Training Acc: 77.7500390076455 % 	 Validation Acc 75.35870243293824
2022-11-26 02:35:31,082 INFO  __main__        - New High Acc: <<<<<< 75.28706939590613 >>>>>>>>
2022-11-26 02:44:30,454 INFO  __main__        - Epoch: 7/10,
 AVG Training Loss:0.5696810741918584 	 Validation Loss0.6855304199883846
AVG Training Acc: 77.87486347324075 % 	 Validation Acc 75.04678727386151
2022-11-26 02:44:30,470 INFO  __main__        - New High Acc: <<<<<< 75.38691962056915 >>>>>>>>
2022-11-26 02:53:44,323 INFO  __main__        - Epoch: 8/10,
 AVG Training Loss:0.5545621026946148 	 Validation Loss0.7059446059385837
AVG Training Acc: 78.74863473240755 % 	 Validation Acc 74.17342482844667
2022-11-26 03:02:15,830 INFO  __main__        - Epoch: 9/10,
 AVG Training Loss:0.5397341710126312 	 Validation Loss0.7507343099627433
AVG Training Acc: 79.40396317678265 % 	 Validation Acc 73.4248284466625
2022-11-26 03:03:03,231 INFO  __main__        - Fold: 2, Model: VisionTransformer
2022-11-26 03:12:03,341 INFO  __main__        - Epoch: 0/10,
 AVG Training Loss:0.5729686633054626 	 Validation Loss0.536772984969482
AVG Training Acc: 78.3619344773791 % 	 Validation Acc 77.52808988764045
2022-11-26 03:21:08,188 INFO  __main__        - Epoch: 1/10,
 AVG Training Loss:0.5622560896357164 	 Validation Loss0.5759474225109734
AVG Training Acc: 78.53354134165367 % 	 Validation Acc 78.15230961298377
2022-11-26 03:30:06,275 INFO  __main__        - Epoch: 2/10,
 AVG Training Loss:0.5401049676370138 	 Validation Loss0.5238811483050926
AVG Training Acc: 79.32917316692668 % 	 Validation Acc 80.21223470661673
2022-11-26 03:30:06,283 INFO  __main__        - New High Acc: <<<<<< 76.73489765351972 >>>>>>>>
2022-11-26 03:38:54,630 INFO  __main__        - Epoch: 3/10,
 AVG Training Loss:0.5062862109189472 	 Validation Loss0.5296784662333469
AVG Training Acc: 80.4836193447738 % 	 Validation Acc 79.46317103620476
2022-11-26 03:47:41,059 INFO  __main__        - Epoch: 4/10,
 AVG Training Loss:0.47661790279395494 	 Validation Loss0.5518018941531021
AVG Training Acc: 81.95007800312013 % 	 Validation Acc 79.1510611735331
2022-11-26 03:56:11,736 INFO  __main__        - Epoch: 5/10,
 AVG Training Loss:0.4797085285657514 	 Validation Loss0.5889157477891847
AVG Training Acc: 81.21684867394696 % 	 Validation Acc 78.08988764044943
2022-11-26 04:05:09,497 INFO  __main__        - Epoch: 6/10,
 AVG Training Loss:0.49017335284913943 	 Validation Loss0.5831397414095839
AVG Training Acc: 81.38845553822152 % 	 Validation Acc 79.21348314606742
2022-11-26 04:14:08,214 INFO  __main__        - Epoch: 7/10,
 AVG Training Loss:0.4303746106222202 	 Validation Loss0.5540593655852045
AVG Training Acc: 83.15132605304211 % 	 Validation Acc 80.27465667915106
2022-11-26 04:23:25,954 INFO  __main__        - Epoch: 8/10,
 AVG Training Loss:0.39410429456839324 	 Validation Loss0.5985746024253217
AVG Training Acc: 84.75819032761311 % 	 Validation Acc 78.90137328339576
2022-11-26 04:32:26,901 INFO  __main__        - Epoch: 9/10,
 AVG Training Loss:0.4002680943008983 	 Validation Loss0.5987423221335354
AVG Training Acc: 84.25897035881435 % 	 Validation Acc 79.21348314606742
2022-11-26 04:33:16,722 INFO  __main__        - Fold: 3, Model: VisionTransformer
2022-11-26 04:42:28,824 INFO  __main__        - Epoch: 0/10,
 AVG Training Loss:0.46618371618833165 	 Validation Loss0.40169620420202407
AVG Training Acc: 81.77847113884556 % 	 Validation Acc 84.58177278401998
2022-11-26 04:50:52,929 INFO  __main__        - Epoch: 1/10,
 AVG Training Loss:0.44569495889167887 	 Validation Loss0.3830023052149944
AVG Training Acc: 82.80811232449298 % 	 Validation Acc 84.8314606741573
2022-11-26 04:59:24,414 INFO  __main__        - Epoch: 2/10,
 AVG Training Loss:0.4178258557550939 	 Validation Loss0.4157571880967727
AVG Training Acc: 83.82215288611545 % 	 Validation Acc 84.39450686641698
2022-11-26 05:08:38,554 INFO  __main__        - Epoch: 3/10,
 AVG Training Loss:0.4163465544500776 	 Validation Loss0.45395339507325905
AVG Training Acc: 83.91575663026522 % 	 Validation Acc 82.64669163545568
2022-11-26 05:17:44,840 INFO  __main__        - Epoch: 4/10,
 AVG Training Loss:0.3945103047342968 	 Validation Loss0.45716778164294625
AVG Training Acc: 84.33697347893916 % 	 Validation Acc 83.645443196005
2022-11-26 05:26:59,747 INFO  __main__        - Epoch: 5/10,
 AVG Training Loss:0.36079969523349625 	 Validation Loss0.42126742090225294
AVG Training Acc: 86.38065522620904 % 	 Validation Acc 83.645443196005
2022-11-26 05:35:55,475 INFO  __main__        - Epoch: 6/10,
 AVG Training Loss:0.34615694887372384 	 Validation Loss0.42978983080379674
AVG Training Acc: 86.34945397815913 % 	 Validation Acc 83.58302122347067
2022-11-26 05:44:23,803 INFO  __main__        - Epoch: 7/10,
 AVG Training Loss:0.33408098578243844 	 Validation Loss0.45820442256232846
AVG Training Acc: 87.62870514820594 % 	 Validation Acc 83.33333333333334
2022-11-26 05:53:24,536 INFO  __main__        - Epoch: 8/10,
 AVG Training Loss:0.31145213226687496 	 Validation Loss0.45500413557926145
AVG Training Acc: 88.31513260530421 % 	 Validation Acc 82.77153558052434
2022-11-26 06:02:34,025 INFO  __main__        - Epoch: 9/10,
 AVG Training Loss:0.2866260816462268 	 Validation Loss0.47637172854771737
AVG Training Acc: 89.12636505460219 % 	 Validation Acc 83.083645443196
2022-11-26 06:03:25,005 INFO  __main__        - Fold: 4, Model: VisionTransformer
2022-11-26 06:12:43,174 INFO  __main__        - Epoch: 0/10,
 AVG Training Loss:0.3339166669633539 	 Validation Loss0.2810098003693734
AVG Training Acc: 87.8003120124805 % 	 Validation Acc 89.8876404494382
2022-11-26 06:21:37,405 INFO  __main__        - Epoch: 1/10,
 AVG Training Loss:0.3038694613945907 	 Validation Loss0.3252262503383088
AVG Training Acc: 88.47113884555382 % 	 Validation Acc 86.89138576779027
2022-11-26 06:30:52,579 INFO  __main__        - Epoch: 2/10,
 AVG Training Loss:0.28956597735622225 	 Validation Loss0.3361153204044032
AVG Training Acc: 89.04836193447738 % 	 Validation Acc 86.45443196004993
2022-11-26 06:30:52,579 INFO  __main__        - New High Acc: <<<<<< 76.98452321517723 >>>>>>>>
2022-11-26 06:40:18,133 INFO  __main__        - Epoch: 3/10,
 AVG Training Loss:0.2528361711020519 	 Validation Loss0.3801218235022859
AVG Training Acc: 90.405616224649 % 	 Validation Acc 85.33083645443196
2022-11-26 06:49:08,981 INFO  __main__        - Epoch: 4/10,
 AVG Training Loss:0.23711029665149436 	 Validation Loss0.3681281524757301
AVG Training Acc: 91.34165366614666 % 	 Validation Acc 86.07990012484395
2022-11-26 06:58:15,103 INFO  __main__        - Epoch: 5/10,
 AVG Training Loss:0.22349296842555352 	 Validation Loss0.3420872406013189
AVG Training Acc: 91.40405616224649 % 	 Validation Acc 86.89138576779027
2022-11-26 07:07:29,952 INFO  __main__        - Epoch: 6/10,
 AVG Training Loss:0.19824806649046087 	 Validation Loss0.4173280820483051
AVG Training Acc: 92.55850234009361 % 	 Validation Acc 85.2059925093633
2022-11-26 07:16:40,915 INFO  __main__        - Epoch: 7/10,
 AVG Training Loss:0.19365564086524423 	 Validation Loss0.3684854262070114
AVG Training Acc: 92.93291731669267 % 	 Validation Acc 87.45318352059925
2022-11-26 07:26:08,205 INFO  __main__        - Epoch: 8/10,
 AVG Training Loss:0.18299810574284658 	 Validation Loss0.39823005872472805
AVG Training Acc: 93.1201248049922 % 	 Validation Acc 85.2059925093633
2022-11-26 07:35:23,249 INFO  __main__        - Epoch: 9/10,
 AVG Training Loss:0.17221719602443636 	 Validation Loss0.4291015128522516
AVG Training Acc: 93.72854914196567 % 	 Validation Acc 85.83021223470662
